{"C:\\Users\\akhkushw\\Documents\\ReactNative\\expoL\\localization\\App.js": {"path":"C:\\Users\\akhkushw\\Documents\\ReactNative\\expoL\\localization\\App.js","statementMap":{"0":{"start":{"line":10,"column":26},"end":{"line":10,"column":49}},"1":{"start":{"line":11,"column":28},"end":{"line":11,"column":43}},"2":{"start":{"line":12,"column":2},"end":{"line":19,"column":9}},"3":{"start":{"line":14,"column":16},"end":{"line":14,"column":35}},"4":{"start":{"line":15,"column":6},"end":{"line":15,"column":17}},"5":{"start":{"line":16,"column":6},"end":{"line":16,"column":21}},"6":{"start":{"line":18,"column":4},"end":{"line":18,"column":14}},"7":{"start":{"line":21,"column":23},"end":{"line":25,"column":3}},"8":{"start":{"line":22,"column":4},"end":{"line":22,"column":29}},"9":{"start":{"line":23,"column":14},"end":{"line":23,"column":33}},"10":{"start":{"line":24,"column":4},"end":{"line":24,"column":15}},"11":{"start":{"line":26,"column":2},"end":{"line":32,"column":3}},"12":{"start":{"line":27,"column":4},"end":{"line":31,"column":6}},"13":{"start":{"line":34,"column":15},"end":{"line":42,"column":6}},"14":{"start":{"line":35,"column":4},"end":{"line":42,"column":6}},"15":{"start":{"line":38,"column":23},"end":{"line":38,"column":52}},"16":{"start":{"line":41,"column":35},"end":{"line":41,"column":60}},"17":{"start":{"line":44,"column":2},"end":{"line":70,"column":4}},"18":{"start":{"line":58,"column":25},"end":{"line":58,"column":43}},"19":{"start":{"line":63,"column":25},"end":{"line":63,"column":44}},"20":{"start":{"line":73,"column":15},"end":{"line":92,"column":2}}},"fnMap":{"0":{"name":"App","decl":{"start":{"line":9,"column":24},"end":{"line":9,"column":27}},"loc":{"start":{"line":9,"column":30},"end":{"line":71,"column":1}},"line":9},"1":{"name":"(anonymous_1)","decl":{"start":{"line":12,"column":12},"end":{"line":12,"column":13}},"loc":{"start":{"line":12,"column":18},"end":{"line":19,"column":3}},"line":12},"2":{"name":"getData","decl":{"start":{"line":13,"column":19},"end":{"line":13,"column":26}},"loc":{"start":{"line":13,"column":29},"end":{"line":17,"column":5}},"line":13},"3":{"name":"(anonymous_3)","decl":{"start":{"line":21,"column":23},"end":{"line":21,"column":24}},"loc":{"start":{"line":21,"column":40},"end":{"line":25,"column":3}},"line":21},"4":{"name":"(anonymous_4)","decl":{"start":{"line":34,"column":15},"end":{"line":34,"column":16}},"loc":{"start":{"line":35,"column":4},"end":{"line":42,"column":6}},"line":35},"5":{"name":"(anonymous_5)","decl":{"start":{"line":38,"column":17},"end":{"line":38,"column":18}},"loc":{"start":{"line":38,"column":23},"end":{"line":38,"column":52}},"line":38},"6":{"name":"(anonymous_6)","decl":{"start":{"line":41,"column":29},"end":{"line":41,"column":30}},"loc":{"start":{"line":41,"column":35},"end":{"line":41,"column":60}},"line":41},"7":{"name":"(anonymous_7)","decl":{"start":{"line":58,"column":19},"end":{"line":58,"column":20}},"loc":{"start":{"line":58,"column":25},"end":{"line":58,"column":43}},"line":58},"8":{"name":"(anonymous_8)","decl":{"start":{"line":63,"column":19},"end":{"line":63,"column":20}},"loc":{"start":{"line":63,"column":25},"end":{"line":63,"column":44}},"line":63}},"branchMap":{"0":{"loc":{"start":{"line":26,"column":2},"end":{"line":32,"column":3}},"type":"if","locations":[{"start":{"line":26,"column":2},"end":{"line":32,"column":3}},{"start":{},"end":{}}],"line":26}},"s":{"0":0,"1":0,"2":0,"3":0,"4":0,"5":0,"6":0,"7":0,"8":0,"9":0,"10":0,"11":0,"12":0,"13":0,"14":0,"15":0,"16":0,"17":0,"18":0,"19":0,"20":0},"f":{"0":0,"1":0,"2":0,"3":0,"4":0,"5":0,"6":0,"7":0,"8":0},"b":{"0":[0,0]}}
,"C:\\Users\\akhkushw\\Documents\\ReactNative\\expoL\\localization\\Localization.tsx": {"path":"C:\\Users\\akhkushw\\Documents\\ReactNative\\expoL\\localization\\Localization.tsx","statementMap":{"0":{"start":{"line":6,"column":13},"end":{"line":6,"column":37}},"1":{"start":{"line":8,"column":16},"end":{"line":11,"column":1}},"2":{"start":{"line":13,"column":21},"end":{"line":15,"column":1}},"3":{"start":{"line":14,"column":4},"end":{"line":14,"column":47}},"4":{"start":{"line":17,"column":27},"end":{"line":23,"column":1}},"5":{"start":{"line":18,"column":4},"end":{"line":21,"column":5}},"6":{"start":{"line":20,"column":8},"end":{"line":20,"column":41}},"7":{"start":{"line":22,"column":4},"end":{"line":22,"column":37}},"8":{"start":{"line":25,"column":27},"end":{"line":43,"column":1}},"9":{"start":{"line":27,"column":4},"end":{"line":27,"column":49}},"10":{"start":{"line":29,"column":4},"end":{"line":38,"column":9}},"11":{"start":{"line":30,"column":12},"end":{"line":30,"column":39}},"12":{"start":{"line":31,"column":12},"end":{"line":31,"column":38}},"13":{"start":{"line":32,"column":12},"end":{"line":32,"column":35}},"14":{"start":{"line":35,"column":12},"end":{"line":35,"column":40}},"15":{"start":{"line":36,"column":12},"end":{"line":36,"column":37}},"16":{"start":{"line":37,"column":12},"end":{"line":37,"column":36}},"17":{"start":{"line":42,"column":4},"end":{"line":42,"column":16}},"18":{"start":{"line":45,"column":27},"end":{"line":74,"column":1}},"19":{"start":{"line":59,"column":4},"end":{"line":73,"column":5}},"20":{"start":{"line":60,"column":22},"end":{"line":60,"column":35}},"21":{"start":{"line":61,"column":18},"end":{"line":61,"column":56}},"22":{"start":{"line":62,"column":8},"end":{"line":69,"column":9}},"23":{"start":{"line":63,"column":29},"end":{"line":63,"column":53}},"24":{"start":{"line":64,"column":11},"end":{"line":68,"column":12}},"25":{"start":{"line":65,"column":15},"end":{"line":65,"column":57}},"26":{"start":{"line":67,"column":15},"end":{"line":67,"column":50}},"27":{"start":{"line":70,"column":8},"end":{"line":70,"column":40}},"28":{"start":{"line":72,"column":8},"end":{"line":72,"column":24}},"29":{"start":{"line":76,"column":38},"end":{"line":81,"column":1}},"30":{"start":{"line":78,"column":4},"end":{"line":80,"column":48}},"31":{"start":{"line":89,"column":0},"end":{"line":100,"column":1}},"32":{"start":{"line":91,"column":4},"end":{"line":99,"column":5}},"33":{"start":{"line":93,"column":24},"end":{"line":93,"column":43}},"34":{"start":{"line":94,"column":26},"end":{"line":94,"column":30}},"35":{"start":{"line":95,"column":8},"end":{"line":95,"column":28}},"36":{"start":{"line":97,"column":8},"end":{"line":97,"column":35}},"37":{"start":{"line":98,"column":8},"end":{"line":98,"column":54}}},"fnMap":{"0":{"name":"(anonymous_0)","decl":{"start":{"line":13,"column":21},"end":{"line":13,"column":22}},"loc":{"start":{"line":13,"column":32},"end":{"line":15,"column":1}},"line":13},"1":{"name":"(anonymous_1)","decl":{"start":{"line":17,"column":27},"end":{"line":17,"column":28}},"loc":{"start":{"line":17,"column":33},"end":{"line":23,"column":1}},"line":17},"2":{"name":"(anonymous_2)","decl":{"start":{"line":25,"column":27},"end":{"line":25,"column":28}},"loc":{"start":{"line":25,"column":50},"end":{"line":43,"column":1}},"line":25},"3":{"name":"(anonymous_3)","decl":{"start":{"line":45,"column":27},"end":{"line":45,"column":28}},"loc":{"start":{"line":45,"column":39},"end":{"line":74,"column":1}},"line":45},"4":{"name":"(anonymous_4)","decl":{"start":{"line":76,"column":38},"end":{"line":76,"column":39}},"loc":{"start":{"line":77,"column":0},"end":{"line":81,"column":1}},"line":77},"5":{"name":"(anonymous_5)","decl":{"start":{"line":89,"column":38},"end":{"line":89,"column":39}},"loc":{"start":{"line":90,"column":0},"end":{"line":100,"column":1}},"line":90}},"branchMap":{"0":{"loc":{"start":{"line":18,"column":4},"end":{"line":21,"column":5}},"type":"if","locations":[{"start":{"line":18,"column":4},"end":{"line":21,"column":5}},{"start":{},"end":{}}],"line":18},"1":{"loc":{"start":{"line":29,"column":4},"end":{"line":38,"column":9}},"type":"if","locations":[{"start":{"line":29,"column":4},"end":{"line":38,"column":9}},{"start":{"line":34,"column":8},"end":{"line":38,"column":9}}],"line":29},"2":{"loc":{"start":{"line":62,"column":8},"end":{"line":69,"column":9}},"type":"if","locations":[{"start":{"line":62,"column":8},"end":{"line":69,"column":9}},{"start":{},"end":{}}],"line":62},"3":{"loc":{"start":{"line":64,"column":11},"end":{"line":68,"column":12}},"type":"if","locations":[{"start":{"line":64,"column":11},"end":{"line":68,"column":12}},{"start":{"line":66,"column":16},"end":{"line":68,"column":12}}],"line":64},"4":{"loc":{"start":{"line":78,"column":11},"end":{"line":80,"column":48}},"type":"cond-expr","locations":[{"start":{"line":79,"column":6},"end":{"line":79,"column":56}},{"start":{"line":80,"column":6},"end":{"line":80,"column":48}}],"line":78}},"s":{"0":1,"1":1,"2":1,"3":4,"4":1,"5":2,"6":1,"7":1,"8":1,"9":4,"10":4,"11":3,"12":3,"13":3,"14":1,"15":1,"16":1,"17":4,"18":1,"19":8,"20":8,"21":8,"22":3,"23":0,"24":0,"25":0,"26":0,"27":3,"28":5,"29":1,"30":0,"31":1,"32":5,"33":5,"34":5,"35":5,"36":3,"37":3},"f":{"0":4,"1":2,"2":4,"3":8,"4":0,"5":5},"b":{"0":[1,1],"1":[3,1],"2":[0,3],"3":[0,0],"4":[0,0]},"_coverageSchema":"1a1c01bbd47fc00a2c39e90264f33305004495a9","hash":"0a0b384b8d6412fb86be7e951ff8d995fbf8680c"}
,"C:\\Users\\akhkushw\\Documents\\ReactNative\\expoL\\localization\\Restart.tsx": {"path":"C:\\Users\\akhkushw\\Documents\\ReactNative\\expoL\\localization\\Restart.tsx","statementMap":{"0":{"start":{"line":3,"column":25},"end":{"line":5,"column":1}},"1":{"start":{"line":4,"column":4},"end":{"line":4,"column":26}}},"fnMap":{"0":{"name":"(anonymous_0)","decl":{"start":{"line":3,"column":25},"end":{"line":3,"column":26}},"loc":{"start":{"line":3,"column":31},"end":{"line":5,"column":1}},"line":3}},"branchMap":{},"s":{"0":1,"1":4},"f":{"0":4},"b":{},"_coverageSchema":"1a1c01bbd47fc00a2c39e90264f33305004495a9","hash":"d0ff47cfcead39f19c8a3599ce242e29baa1ab0a"}
,"C:\\Users\\akhkushw\\Documents\\ReactNative\\expoL\\localization\\jest.config.js": {"path":"C:\\Users\\akhkushw\\Documents\\ReactNative\\expoL\\localization\\jest.config.js","statementMap":{"0":{"start":{"line":1,"column":0},"end":{"line":15,"column":4}}},"fnMap":{},"branchMap":{},"s":{"0":0},"f":{},"b":{}}
,"C:\\Users\\akhkushw\\Documents\\ReactNative\\expoL\\localization\\constants\\AllPath.js": {"path":"C:\\Users\\akhkushw\\Documents\\ReactNative\\expoL\\localization\\constants\\AllPath.js","statementMap":{"0":{"start":{"line":1,"column":16},"end":{"line":6,"column":1}}},"fnMap":{},"branchMap":{},"s":{"0":3},"f":{},"b":{},"_coverageSchema":"1a1c01bbd47fc00a2c39e90264f33305004495a9","hash":"fea1aa8782385b8bd45b324fbc8caf129faa00f5"}
,"C:\\Users\\akhkushw\\Documents\\ReactNative\\expoL\\localization\\tags\\Image.tsx": {"path":"C:\\Users\\akhkushw\\Documents\\ReactNative\\expoL\\localization\\tags\\Image.tsx","statementMap":{"0":{"start":{"line":4,"column":16},"end":{"line":8,"column":1}},"1":{"start":{"line":5,"column":4},"end":{"line":7,"column":5}}},"fnMap":{"0":{"name":"(anonymous_0)","decl":{"start":{"line":4,"column":16},"end":{"line":4,"column":17}},"loc":{"start":{"line":4,"column":31},"end":{"line":8,"column":1}},"line":4}},"branchMap":{"0":{"loc":{"start":{"line":6,"column":72},"end":{"line":6,"column":98}},"type":"cond-expr","locations":[{"start":{"line":6,"column":92},"end":{"line":6,"column":94}},{"start":{"line":6,"column":97},"end":{"line":6,"column":98}}],"line":6}},"s":{"0":0,"1":0},"f":{"0":0},"b":{"0":[0,0]}}
,"C:\\Users\\akhkushw\\Documents\\ReactNative\\expoL\\localization\\tags\\Text.tsx": {"path":"C:\\Users\\akhkushw\\Documents\\ReactNative\\expoL\\localization\\tags\\Text.tsx","statementMap":{"0":{"start":{"line":4,"column":15},"end":{"line":10,"column":1}},"1":{"start":{"line":5,"column":4},"end":{"line":9,"column":5}}},"fnMap":{"0":{"name":"(anonymous_0)","decl":{"start":{"line":4,"column":15},"end":{"line":4,"column":16}},"loc":{"start":{"line":4,"column":30},"end":{"line":10,"column":1}},"line":4}},"branchMap":{},"s":{"0":0,"1":0},"f":{"0":0},"b":{}}
,"C:\\Users\\akhkushw\\Documents\\ReactNative\\expoL\\localization\\tags\\TextInput.tsx": {"path":"C:\\Users\\akhkushw\\Documents\\ReactNative\\expoL\\localization\\tags\\TextInput.tsx","statementMap":{"0":{"start":{"line":5,"column":20},"end":{"line":13,"column":1}},"1":{"start":{"line":8,"column":4},"end":{"line":12,"column":5}}},"fnMap":{"0":{"name":"(anonymous_0)","decl":{"start":{"line":5,"column":20},"end":{"line":5,"column":21}},"loc":{"start":{"line":5,"column":35},"end":{"line":13,"column":1}},"line":5}},"branchMap":{"0":{"loc":{"start":{"line":9,"column":68},"end":{"line":9,"column":100}},"type":"cond-expr","locations":[{"start":{"line":9,"column":86},"end":{"line":9,"column":93}},{"start":{"line":9,"column":94},"end":{"line":9,"column":100}}],"line":9}},"s":{"0":0,"1":0},"f":{"0":0},"b":{"0":[0,0]}}
}
