TN:
SF:App.js
FN:9,App
FN:12,(anonymous_1)
FN:13,getData
FN:21,(anonymous_3)
FN:34,(anonymous_4)
FN:38,(anonymous_5)
FN:41,(anonymous_6)
FN:58,(anonymous_7)
FN:63,(anonymous_8)
FNF:9
FNH:0
FNDA:0,App
FNDA:0,(anonymous_1)
FNDA:0,getData
FNDA:0,(anonymous_3)
FNDA:0,(anonymous_4)
FNDA:0,(anonymous_5)
FNDA:0,(anonymous_6)
FNDA:0,(anonymous_7)
FNDA:0,(anonymous_8)
DA:10,0
DA:11,0
DA:12,0
DA:14,0
DA:15,0
DA:16,0
DA:18,0
DA:21,0
DA:22,0
DA:23,0
DA:24,0
DA:26,0
DA:27,0
DA:34,0
DA:35,0
DA:38,0
DA:41,0
DA:44,0
DA:58,0
DA:63,0
DA:73,0
LF:21
LH:0
BRDA:26,0,0,0
BRDA:26,0,1,0
BRF:2
BRH:0
end_of_record
TN:
SF:Localization.tsx
FN:13,(anonymous_0)
FN:17,(anonymous_1)
FN:24,(anonymous_2)
FN:44,(anonymous_3)
FN:63,(anonymous_4)
FN:75,(anonymous_5)
FNF:6
FNH:5
FNDA:4,(anonymous_0)
FNDA:3,(anonymous_1)
FNDA:4,(anonymous_2)
FNDA:8,(anonymous_3)
FNDA:0,(anonymous_4)
FNDA:5,(anonymous_5)
DA:6,1
DA:8,1
DA:13,1
DA:14,4
DA:17,1
DA:18,3
DA:19,1
DA:21,2
DA:24,1
DA:26,4
DA:28,4
DA:29,3
DA:30,3
DA:31,3
DA:34,1
DA:35,1
DA:36,1
DA:41,4
DA:44,1
DA:46,8
DA:47,8
DA:48,8
DA:49,3
DA:50,0
DA:51,0
DA:52,0
DA:54,0
DA:57,3
DA:59,5
DA:63,1
DA:64,0
DA:75,1
DA:76,5
DA:77,5
DA:78,5
DA:79,5
DA:81,3
DA:82,3
LF:38
LH:33
BRDA:18,0,0,1
BRDA:18,0,1,2
BRDA:28,1,0,3
BRDA:28,1,1,1
BRDA:49,2,0,0
BRDA:49,2,1,3
BRDA:51,3,0,0
BRDA:51,3,1,0
BRDA:64,4,0,0
BRDA:64,4,1,0
BRF:10
BRH:5
end_of_record
TN:
SF:Restart.ts
FN:4,(anonymous_0)
FNF:1
FNH:1
FNDA:4,(anonymous_0)
DA:4,1
DA:5,4
DA:6,4
DA:7,3
DA:9,1
LF:5
LH:5
BRDA:6,0,0,3
BRDA:6,0,1,1
BRF:2
BRH:2
end_of_record
TN:
SF:expoRestart.ts
FN:4,(anonymous_0)
FNF:1
FNH:1
FNDA:3,(anonymous_0)
DA:4,1
DA:5,3
DA:6,3
DA:7,3
DA:9,0
LF:5
LH:4
BRF:0
BRH:0
end_of_record
TN:
SF:jest.config.js
FNF:0
FNH:0
DA:1,0
LF:1
LH:0
BRF:0
BRH:0
end_of_record
TN:
SF:vanillaRestart.ts
FN:4,(anonymous_0)
FNF:1
FNH:1
FNDA:1,(anonymous_0)
DA:4,1
DA:5,1
LF:2
LH:2
BRF:0
BRH:0
end_of_record
TN:
SF:constants\AllPath.js
FNF:0
FNH:0
DA:1,3
LF:1
LH:1
BRF:0
BRH:0
end_of_record
TN:
SF:tags\Image.tsx
FN:4,(anonymous_0)
FNF:1
FNH:0
FNDA:0,(anonymous_0)
DA:4,0
DA:5,0
LF:2
LH:0
BRDA:6,0,0,0
BRDA:6,0,1,0
BRF:2
BRH:0
end_of_record
TN:
SF:tags\Text.tsx
FN:4,(anonymous_0)
FNF:1
FNH:0
FNDA:0,(anonymous_0)
DA:4,0
DA:5,0
LF:2
LH:0
BRF:0
BRH:0
end_of_record
TN:
SF:tags\TextInput.tsx
FN:5,(anonymous_0)
FNF:1
FNH:0
FNDA:0,(anonymous_0)
DA:5,0
DA:7,0
LF:2
LH:0
BRF:0
BRH:0
end_of_record
TN:
SF:tags\tags\EvaImage.tsx
FN:4,(anonymous_0)
FNF:1
FNH:1
FNDA:1,(anonymous_0)
DA:4,1
DA:5,1
LF:2
LH:2
BRDA:6,0,0,0
BRDA:6,0,1,1
BRF:2
BRH:1
end_of_record
TN:
SF:tags\tags\EvaText.tsx
FN:4,(anonymous_0)
FNF:1
FNH:1
FNDA:1,(anonymous_0)
DA:4,1
DA:5,1
LF:2
LH:2
BRF:0
BRH:0
end_of_record
TN:
SF:tags\tags\EvaTextInput.tsx
FN:5,(anonymous_0)
FNF:1
FNH:1
FNDA:1,(anonymous_0)
DA:5,1
DA:7,1
LF:2
LH:2
BRF:0
BRH:0
end_of_record
